Build started 8/11/2015 7:19:48 AM.
     1>Project "C:\Users\Sarah\documents\visual studio 2013\Projects\gwSCA\gwSCA\gwSCA.vcxproj" on node 2 (Build target(s)).
     1>ClCompile:
         C:\Program Files (x86)\Microsoft Visual Studio 12.0\VC\bin\CL.exe /c /ZI /nologo /W3 /WX- /sdl /Od /Oy- /D WIN32 /D _DEBUG /D _CONSOLE /D _LIB /D _UNICODE /D UNICODE /Gm /EHsc /RTC1 /MDd /GS /fp:precise /Zc:wchar_t /Zc:forScope /Fo"Debug\\" /Fd"Debug\vc120.pdb" /Gd /TP /analyze- /errorReport:prompt gwSCA.cpp
         gwSCA.cpp
     1>c:\users\sarah\documents\visual studio 2013\projects\gwsca\gwsca\gwsca_classes.h(110): warning C4101: 'ii' : unreferenced local variable
     1>c:\users\sarah\documents\visual studio 2013\projects\gwsca\gwsca\gwsca_classes.h(217): warning C4101: 'iii' : unreferenced local variable
     1>c:\users\sarah\documents\visual studio 2013\projects\gwsca\gwsca\gwsca_classes.h(264): warning C4018: '<' : signed/unsigned mismatch
     1>c:\users\sarah\documents\visual studio 2013\projects\gwsca\gwsca\gwsca_classes.h(280): warning C4018: '<' : signed/unsigned mismatch
     1>c:\users\sarah\documents\visual studio 2013\projects\gwsca\gwsca\gwsca_classes.h(292): warning C4018: '<' : signed/unsigned mismatch
     1>c:\users\sarah\documents\visual studio 2013\projects\gwsca\gwsca\gwsca_classes.h(307): warning C4018: '<' : signed/unsigned mismatch
     1>c:\users\sarah\documents\visual studio 2013\projects\gwsca\gwsca\gwsca_classes.h(316): warning C4018: '<' : signed/unsigned mismatch
     1>c:\users\sarah\documents\visual studio 2013\projects\gwsca\gwsca\gwsca_classes.h(340): warning C4018: '<' : signed/unsigned mismatch
     1>c:\users\sarah\documents\visual studio 2013\projects\gwsca\gwsca\gwsca_classes.h(349): warning C4018: '<' : signed/unsigned mismatch
     1>c:\users\sarah\documents\visual studio 2013\projects\gwsca\gwsca\gwsca_classes.h(373): warning C4018: '<' : signed/unsigned mismatch
     1>c:\users\sarah\documents\visual studio 2013\projects\gwsca\gwsca\gwsca_classes.h(422): warning C4018: '<' : signed/unsigned mismatch
     1>c:\users\sarah\documents\visual studio 2013\projects\gwsca\gwsca\gwsca_classes.h(230): warning C4101: 'last' : unreferenced local variable
     1>c:\users\sarah\documents\visual studio 2013\projects\gwsca\gwsca\gwsca_classes.h(631): warning C4244: '=' : conversion from 'double' to 'int', possible loss of data
     1>c:\users\sarah\documents\visual studio 2013\projects\gwsca\gwsca\gwsca_classes.h(634): warning C4244: '=' : conversion from 'double' to 'int', possible loss of data
     1>c:\users\sarah\documents\visual studio 2013\projects\gwsca\gwsca\gwsca_classes.h(635): warning C4018: '>' : signed/unsigned mismatch
     1>c:\users\sarah\documents\visual studio 2013\projects\gwsca\gwsca\gwsca.cpp(112): warning C4018: '<' : signed/unsigned mismatch
     1>c:\users\sarah\documents\visual studio 2013\projects\gwsca\gwsca\gwsca.cpp(273): warning C4018: '<' : signed/unsigned mismatch
     1>c:\users\sarah\documents\visual studio 2013\projects\gwsca\gwsca\gwsca.cpp(329): warning C4018: '<' : signed/unsigned mismatch
     1>c:\users\sarah\documents\visual studio 2013\projects\gwsca\gwsca\gwsca.cpp(41): warning C4101: 'curr_loc' : unreferenced local variable
       Link:
         C:\Program Files (x86)\Microsoft Visual Studio 12.0\VC\bin\link.exe /ERRORREPORT:PROMPT /OUT:"C:\Users\Sarah\documents\visual studio 2013\Projects\gwSCA\Debug\gwSCA.exe" /INCREMENTAL /NOLOGO kernel32.lib user32.lib gdi32.lib winspool.lib comdlg32.lib advapi32.lib shell32.lib ole32.lib oleaut32.lib uuid.lib odbc32.lib odbccp32.lib /MANIFEST /MANIFESTUAC:"level='asInvoker' uiAccess='false'" /manifest:embed /DEBUG /PDB:"C:\Users\Sarah\documents\visual studio 2013\Projects\gwSCA\Debug\gwSCA.pdb" /SUBSYSTEM:CONSOLE /TLBID:1 /DYNAMICBASE /NXCOMPAT /IMPLIB:"C:\Users\Sarah\documents\visual studio 2013\Projects\gwSCA\Debug\gwSCA.lib" /MACHINE:X86 Debug\gwSCA.obj
         gwSCA.vcxproj -> C:\Users\Sarah\documents\visual studio 2013\Projects\gwSCA\Debug\gwSCA.exe
     1>Done Building Project "C:\Users\Sarah\documents\visual studio 2013\Projects\gwSCA\gwSCA\gwSCA.vcxproj" (Build target(s)).

Build succeeded.

Time Elapsed 00:00:01.55
