Build started 10/27/2015 7:45:53 AM.
     1>Project "E:\ubuntushare\SCA\mom_female_fst\mom_female_fst.vcxproj" on node 2 (Build target(s)).
     1>ClCompile:
         C:\Program Files (x86)\Microsoft Visual Studio 12.0\VC\bin\CL.exe /c /Zi /nologo /W3 /WX- /sdl /O2 /Oi /Oy- /GL /D WIN32 /D NDEBUG /D _CONSOLE /D _LIB /D _UNICODE /D UNICODE /Gm- /EHsc /MD /GS /Gy /fp:precise /Zc:wchar_t /Zc:forScope /Fo"Release\\" /Fd"Release\vc120.pdb" /Gd /TP /analyze- /errorReport:prompt mom_female_fst.cpp
         mom_female_fst.cpp
     1>mom_female_fst.cpp(264): warning C4018: '<' : signed/unsigned mismatch
     1>mom_female_fst.cpp(273): warning C4018: '<' : signed/unsigned mismatch
     1>mom_female_fst.cpp(331): warning C4018: '<' : signed/unsigned mismatch
     1>mom_female_fst.cpp(338): warning C4018: '<' : signed/unsigned mismatch
     1>mom_female_fst.cpp(348): warning C4018: '<' : signed/unsigned mismatch
     1>mom_female_fst.cpp(350): warning C4018: '<' : signed/unsigned mismatch
     1>mom_female_fst.cpp(368): warning C4018: '<' : signed/unsigned mismatch
     1>mom_female_fst.cpp(326): warning C4101: 'jj' : unreferenced local variable
       Link:
         C:\Program Files (x86)\Microsoft Visual Studio 12.0\VC\bin\link.exe /ERRORREPORT:PROMPT /OUT:"E:\ubuntushare\SCA\mom_female_fst\Release\mom_female_fst.exe" /INCREMENTAL:NO /NOLOGO kernel32.lib user32.lib gdi32.lib winspool.lib comdlg32.lib advapi32.lib shell32.lib ole32.lib oleaut32.lib uuid.lib odbc32.lib odbccp32.lib /MANIFEST /MANIFESTUAC:"level='asInvoker' uiAccess='false'" /manifest:embed /DEBUG /PDB:"E:\ubuntushare\SCA\mom_female_fst\Release\mom_female_fst.pdb" /SUBSYSTEM:CONSOLE /OPT:REF /OPT:ICF /LTCG /TLBID:1 /DYNAMICBASE /NXCOMPAT /IMPLIB:"E:\ubuntushare\SCA\mom_female_fst\Release\mom_female_fst.lib" /MACHINE:X86 /SAFESEH Release\mom_female_fst.obj
         Generating code
         Finished generating code
         mom_female_fst.vcxproj -> E:\ubuntushare\SCA\mom_female_fst\Release\mom_female_fst.exe
     1>Done Building Project "E:\ubuntushare\SCA\mom_female_fst\mom_female_fst.vcxproj" (Build target(s)).

Build succeeded.

Time Elapsed 00:00:09.18
