Build started 6/16/2016 3:20:10 PM.
     1>Project "E:\ubuntushare\SCA\programs\vcf_to_cervus\vcf_to_cervus.vcxproj" on node 2 (Build target(s)).
     1>ClCompile:
         C:\Program Files (x86)\Microsoft Visual Studio 12.0\VC\bin\CL.exe /c /ZI /nologo /W3 /WX- /sdl /Od /Oy- /D WIN32 /D _DEBUG /D _CONSOLE /D _LIB /D _UNICODE /D UNICODE /Gm /EHsc /RTC1 /MDd /GS /fp:precise /Zc:wchar_t /Zc:forScope /Fo"Debug\\" /Fd"Debug\vc120.pdb" /Gd /TP /analyze- /errorReport:prompt vcf_to_cervus.cpp
         vcf_to_cervus.cpp
     1>e:\ubuntushare\sca\programs\vcf_to_cervus\vcf_to_cervus.cpp(162): warning C4018: '<' : signed/unsigned mismatch
     1>e:\ubuntushare\sca\programs\vcf_to_cervus\vcf_to_cervus.cpp(164): warning C4018: '<' : signed/unsigned mismatch
     1>e:\ubuntushare\sca\programs\vcf_to_cervus\vcf_to_cervus.cpp(167): warning C4018: '<' : signed/unsigned mismatch
     1>e:\ubuntushare\sca\programs\vcf_to_cervus\vcf_to_cervus.cpp(93): warning C4101: 'iii' : unreferenced local variable
     1>e:\ubuntushare\sca\programs\vcf_to_cervus\vcf_to_cervus.cpp(93): warning C4101: 'cat_id' : unreferenced local variable
     1>e:\ubuntushare\sca\programs\vcf_to_cervus\vcf_to_cervus.cpp(100): warning C4101: 'bp' : unreferenced local variable
     1>e:\ubuntushare\sca\programs\vcf_to_cervus\vcf_to_cervus.cpp(93): warning C4101: 'index' : unreferenced local variable
     1>e:\ubuntushare\sca\programs\vcf_to_cervus\vcf_to_cervus.cpp(93): warning C4101: 'locus' : unreferenced local variable
     1>e:\ubuntushare\sca\programs\vcf_to_cervus\vcf_to_cervus.cpp(93): warning C4101: 'cnt2' : unreferenced local variable
     1>e:\ubuntushare\sca\programs\vcf_to_cervus\vcf_to_cervus.cpp(93): warning C4101: 'cnt1' : unreferenced local variable
       Link:
         C:\Program Files (x86)\Microsoft Visual Studio 12.0\VC\bin\link.exe /ERRORREPORT:PROMPT /OUT:"E:\ubuntushare\SCA\programs\vcf_to_cervus\Debug\vcf_to_cervus.exe" /INCREMENTAL /NOLOGO kernel32.lib user32.lib gdi32.lib winspool.lib comdlg32.lib advapi32.lib shell32.lib ole32.lib oleaut32.lib uuid.lib odbc32.lib odbccp32.lib /MANIFEST /MANIFESTUAC:"level='asInvoker' uiAccess='false'" /manifest:embed /DEBUG /PDB:"E:\ubuntushare\SCA\programs\vcf_to_cervus\Debug\vcf_to_cervus.pdb" /SUBSYSTEM:CONSOLE /TLBID:1 /DYNAMICBASE /NXCOMPAT /IMPLIB:"E:\ubuntushare\SCA\programs\vcf_to_cervus\Debug\vcf_to_cervus.lib" /MACHINE:X86 Debug\vcf_to_cervus.obj
         vcf_to_cervus.vcxproj -> E:\ubuntushare\SCA\programs\vcf_to_cervus\Debug\vcf_to_cervus.exe
     1>Done Building Project "E:\ubuntushare\SCA\programs\vcf_to_cervus\vcf_to_cervus.vcxproj" (Build target(s)).

Build succeeded.

Time Elapsed 00:00:01.18
