  sca_simulation.cpp
\\vboxsvr\home\projects\sca\programs\sca_simulation\random_numbers.h(118): warning C4244: '=': conversion from 'double' to 'int', possible loss of data
\\vboxsvr\home\projects\sca\programs\sca_simulation\random_numbers.h(281): warning C4018: '<': signed/unsigned mismatch
\\vboxsvr\home\projects\sca\programs\sca_simulation\random_numbers.h(287): warning C4018: '<': signed/unsigned mismatch
\\vboxsvr\home\projects\sca\programs\sca_simulation\random_numbers.h(266): warning C4101: 'jjj': unreferenced local variable
\\vboxsvr\home\projects\sca\programs\sca_simulation\random_numbers.h(265): warning C4101: 'last_interval': unreferenced local variable
\\vboxsvr\home\projects\sca\programs\sca_simulation\random_numbers.h(266): warning C4101: 'jj': unreferenced local variable
\\vboxsvr\home\projects\sca\programs\sca_simulation\random_numbers.h(265): warning C4101: 'last_prob': unreferenced local variable
\\vboxsvr\home\projects\sca\programs\sca_simulation\population.h(213): warning C4244: '=': conversion from 'double' to 'int', possible loss of data
\\vboxsvr\home\projects\sca\programs\sca_simulation\population.h(220): warning C4244: '=': conversion from 'double' to 'int', possible loss of data
\\vboxsvr\home\projects\sca\programs\sca_simulation\population.h(229): warning C4244: 'argument': conversion from 'time_t' to 'unsigned long', possible loss of data
\\vboxsvr\home\projects\sca\programs\sca_simulation\population.h(255): warning C4018: '<': signed/unsigned mismatch
\\vboxsvr\home\projects\sca\programs\sca_simulation\population.h(270): warning C4018: '<': signed/unsigned mismatch
\\vboxsvr\home\projects\sca\programs\sca_simulation\population.h(276): warning C4018: '<': signed/unsigned mismatch
\\vboxsvr\home\projects\sca\programs\sca_simulation\population.h(296): warning C4018: '<': signed/unsigned mismatch
\\vboxsvr\home\projects\sca\programs\sca_simulation\population.h(238): warning C4101: 'last_interval': unreferenced local variable
\\vboxsvr\home\projects\sca\programs\sca_simulation\population.h(238): warning C4101: 'last_prob': unreferenced local variable
\\vboxsvr\home\projects\sca\programs\sca_simulation\population.h(428): warning C4244: '=': conversion from 'double' to 'int', possible loss of data
\\vboxsvr\home\projects\sca\programs\sca_simulation\population.h(429): warning C4244: '=': conversion from 'double' to 'int', possible loss of data
\\vboxsvr\home\projects\sca\programs\sca_simulation\population.h(689): warning C4101: 'rnd2': unreferenced local variable
\\vboxsvr\home\projects\sca\programs\sca_simulation\population.h(877): warning C4244: '=': conversion from 'double' to 'int', possible loss of data
\\vboxsvr\home\projects\sca\programs\sca_simulation\population.h(1074): warning C4101: 'jjj': unreferenced local variable
\\vboxsvr\home\projects\sca\programs\sca_simulation\population.h(1091): warning C4101: 'jjj': unreferenced local variable
\\vboxsvr\home\projects\sca\programs\sca_simulation\population.h(1092): warning C4101: 'rand_num': unreferenced local variable
\\vboxsvr\home\projects\sca\programs\sca_simulation\population.h(1132): warning C4018: '<': signed/unsigned mismatch
\\vboxsvr\home\projects\sca\programs\sca_simulation\population.h(1143): warning C4018: '<': signed/unsigned mismatch
\\vboxsvr\home\projects\sca\programs\sca_simulation\population.h(1155): warning C4018: '<': signed/unsigned mismatch
\\vboxsvr\home\projects\sca\programs\sca_simulation\population.h(1157): warning C4018: '<': signed/unsigned mismatch
\\vboxsvr\home\projects\sca\programs\sca_simulation\population.h(1164): warning C4018: '<': signed/unsigned mismatch
\\vboxsvr\home\projects\sca\programs\sca_simulation\population.h(1166): warning C4018: '<': signed/unsigned mismatch
\\vboxsvr\home\projects\sca\programs\sca_simulation\population.h(1174): warning C4101: 'jjj': unreferenced local variable
\\vboxsvr\home\projects\sca\programs\sca_simulation\population.h(1174): warning C4101: 'jj': unreferenced local variable
\\vboxsvr\home\projects\sca\programs\sca_simulation\population.h(1261): warning C4018: '<': signed/unsigned mismatch
\\vboxsvr\home\projects\sca\programs\sca_simulation\population.h(1328): warning C4018: '<': signed/unsigned mismatch
\\vboxsvr\home\projects\sca\programs\sca_simulation\sca_simulation.cpp(109): warning C4018: '<': signed/unsigned mismatch
\\vboxsvr\home\projects\sca\programs\sca_simulation\sca_simulation.cpp(128): warning C4018: '<': signed/unsigned mismatch
\\vboxsvr\home\projects\sca\programs\sca_simulation\sca_simulation.cpp(165): warning C4018: '<': signed/unsigned mismatch
\\vboxsvr\home\projects\sca\programs\sca_simulation\sca_simulation.cpp(168): warning C4018: '<': signed/unsigned mismatch
\\vboxsvr\home\projects\sca\programs\sca_simulation\sca_simulation.cpp(171): warning C4018: '<': signed/unsigned mismatch
\\vboxsvr\home\projects\sca\programs\sca_simulation\sca_simulation.cpp(174): warning C4018: '<': signed/unsigned mismatch
\\vboxsvr\home\projects\sca\programs\sca_simulation\sca_simulation.cpp(177): warning C4018: '<': signed/unsigned mismatch
  sca_simulation.vcxproj -> \\VBOXSVR\Home\Projects\SCA\programs\sca_simulation\Debug\sca_simulation.exe
  sca_simulation.vcxproj -> \\VBOXSVR\Home\Projects\SCA\programs\sca_simulation\Debug\sca_simulation.pdb (Full PDB)
