Build started 7/13/2016 7:37:11 AM.
     1>Project "E:\ubuntushare\SCA\programs\vcf_to_sca_monnahan\vcf_to_sca_monnahan.vcxproj" on node 2 (Build target(s)).
     1>ClCompile:
         C:\Program Files (x86)\Microsoft Visual Studio 12.0\VC\bin\CL.exe /c /ZI /nologo /W3 /WX- /sdl /Od /Oy- /D WIN32 /D _DEBUG /D _CONSOLE /D _LIB /D _UNICODE /D UNICODE /Gm /EHsc /RTC1 /MDd /GS /fp:precise /Zc:wchar_t /Zc:forScope /Fo"Debug\\" /Fd"Debug\vc120.pdb" /Gd /TP /analyze- /errorReport:prompt vcf_to_sca.cpp
         vcf_to_sca.cpp
     1>e:\ubuntushare\sca\programs\vcf_to_sca_monnahan\vcf_to_sca.cpp(184): warning C4018: '<' : signed/unsigned mismatch
     1>e:\ubuntushare\sca\programs\vcf_to_sca_monnahan\vcf_to_sca.cpp(271): warning C4018: '<' : signed/unsigned mismatch
     1>e:\ubuntushare\sca\programs\vcf_to_sca_monnahan\vcf_to_sca.cpp(286): warning C4018: '<' : signed/unsigned mismatch
     1>e:\ubuntushare\sca\programs\vcf_to_sca_monnahan\vcf_to_sca.cpp(288): warning C4018: '<' : signed/unsigned mismatch
     1>e:\ubuntushare\sca\programs\vcf_to_sca_monnahan\vcf_to_sca.cpp(307): warning C4018: '<' : signed/unsigned mismatch
     1>e:\ubuntushare\sca\programs\vcf_to_sca_monnahan\vcf_to_sca.cpp(311): warning C4018: '<' : signed/unsigned mismatch
     1>e:\ubuntushare\sca\programs\vcf_to_sca_monnahan\vcf_to_sca.cpp(331): warning C4018: '<' : signed/unsigned mismatch
     1>e:\ubuntushare\sca\programs\vcf_to_sca_monnahan\vcf_to_sca.cpp(342): warning C4018: '<' : signed/unsigned mismatch
     1>e:\ubuntushare\sca\programs\vcf_to_sca_monnahan\vcf_to_sca.cpp(360): warning C4018: '<' : signed/unsigned mismatch
     1>e:\ubuntushare\sca\programs\vcf_to_sca_monnahan\vcf_to_sca.cpp(105): warning C4101: 'het_count' : unreferenced local variable
       Link:
         C:\Program Files (x86)\Microsoft Visual Studio 12.0\VC\bin\link.exe /ERRORREPORT:PROMPT /OUT:"E:\ubuntushare\SCA\programs\vcf_to_sca_monnahan\Debug\vcf_to_sca_monnahan.exe" /INCREMENTAL /NOLOGO kernel32.lib user32.lib gdi32.lib winspool.lib comdlg32.lib advapi32.lib shell32.lib ole32.lib oleaut32.lib uuid.lib odbc32.lib odbccp32.lib /MANIFEST /MANIFESTUAC:"level='asInvoker' uiAccess='false'" /manifest:embed /DEBUG /PDB:"E:\ubuntushare\SCA\programs\vcf_to_sca_monnahan\Debug\vcf_to_sca_monnahan.pdb" /SUBSYSTEM:CONSOLE /TLBID:1 /DYNAMICBASE /NXCOMPAT /IMPLIB:"E:\ubuntushare\SCA\programs\vcf_to_sca_monnahan\Debug\vcf_to_sca_monnahan.lib" /MACHINE:X86 Debug\vcf_to_sca.obj
         vcf_to_sca_monnahan.vcxproj -> E:\ubuntushare\SCA\programs\vcf_to_sca_monnahan\Debug\vcf_to_sca_monnahan.exe
     1>Done Building Project "E:\ubuntushare\SCA\programs\vcf_to_sca_monnahan\vcf_to_sca_monnahan.vcxproj" (Build target(s)).

Build succeeded.

Time Elapsed 00:00:02.16
