Build started 2/15/2016 4:39:46 PM.
     1>Project "E:\ubuntushare\SCA\programs\calculate_relatedness\calculate_relatedness.vcxproj" on node 2 (Build target(s)).
     1>ClCompile:
         C:\Program Files (x86)\Microsoft Visual Studio 12.0\VC\bin\CL.exe /c /Zi /nologo /W3 /WX- /sdl /O2 /Oi /Oy- /GL /D WIN32 /D NDEBUG /D _CONSOLE /D _LIB /D _UNICODE /D UNICODE /Gm- /EHsc /MD /GS /Gy /fp:precise /Zc:wchar_t /Zc:forScope /Fo"Release\\" /Fd"Release\vc120.pdb" /Gd /TP /analyze- /errorReport:prompt calculate_relatedness.cpp
         calculate_relatedness.cpp
     1>calculate_relatedness.cpp(89): warning C4018: '<' : signed/unsigned mismatch
     1>calculate_relatedness.cpp(122): warning C4018: '<' : signed/unsigned mismatch
     1>calculate_relatedness.cpp(132): warning C4018: '<' : signed/unsigned mismatch
     1>calculate_relatedness.cpp(291): warning C4018: '<' : signed/unsigned mismatch
     1>calculate_relatedness.cpp(295): warning C4018: '<' : signed/unsigned mismatch
     1>calculate_relatedness.cpp(299): warning C4018: '<' : signed/unsigned mismatch
     1>calculate_relatedness.cpp(313): warning C4018: '<' : signed/unsigned mismatch
     1>calculate_relatedness.cpp(316): warning C4018: '<' : signed/unsigned mismatch
     1>calculate_relatedness.cpp(322): warning C4018: '<' : signed/unsigned mismatch
     1>calculate_relatedness.cpp(200): warning C4101: 'iv' : unreferenced local variable
       Link:
         C:\Program Files (x86)\Microsoft Visual Studio 12.0\VC\bin\link.exe /ERRORREPORT:PROMPT /OUT:"E:\ubuntushare\SCA\programs\calculate_relatedness\Release\calculate_relatedness.exe" /INCREMENTAL:NO /NOLOGO kernel32.lib user32.lib gdi32.lib winspool.lib comdlg32.lib advapi32.lib shell32.lib ole32.lib oleaut32.lib uuid.lib odbc32.lib odbccp32.lib /MANIFEST /MANIFESTUAC:"level='asInvoker' uiAccess='false'" /manifest:embed /DEBUG /PDB:"E:\ubuntushare\SCA\programs\calculate_relatedness\Release\calculate_relatedness.pdb" /SUBSYSTEM:CONSOLE /OPT:REF /OPT:ICF /LTCG /TLBID:1 /DYNAMICBASE /NXCOMPAT /IMPLIB:"E:\ubuntushare\SCA\programs\calculate_relatedness\Release\calculate_relatedness.lib" /MACHINE:X86 /SAFESEH Release\calculate_relatedness.obj
         Generating code
         Finished generating code
         calculate_relatedness.vcxproj -> E:\ubuntushare\SCA\programs\calculate_relatedness\Release\calculate_relatedness.exe
     1>Done Building Project "E:\ubuntushare\SCA\programs\calculate_relatedness\calculate_relatedness.vcxproj" (Build target(s)).

Build succeeded.

Time Elapsed 00:00:01.24
