Build started 1/25/2016 11:39:18 AM.
     1>Project "E:\ubuntushare\SCA\fathers_offspring\infer_maternal_contribution\infer_mat_vcf\infer_mat_vcf.vcxproj" on node 2 (Build target(s)).
     1>ClCompile:
         C:\Program Files (x86)\Microsoft Visual Studio 12.0\VC\bin\CL.exe /c /ZI /nologo /W3 /WX- /sdl /Od /Oy- /D WIN32 /D _DEBUG /D _CONSOLE /D _LIB /D _UNICODE /D UNICODE /Gm /EHsc /RTC1 /MDd /GS /fp:precise /Zc:wchar_t /Zc:forScope /Fo"Debug\\" /Fd"Debug\vc120.pdb" /Gd /TP /analyze- /errorReport:prompt inver_mat_vcf.cpp
         inver_mat_vcf.cpp
     1>e:\ubuntushare\sca\fathers_offspring\infer_maternal_contribution\infer_mat_vcf\inver_mat_vcf.cpp(171): warning C4018: '<' : signed/unsigned mismatch
     1>e:\ubuntushare\sca\fathers_offspring\infer_maternal_contribution\infer_mat_vcf\inver_mat_vcf.cpp(189): warning C4018: '<' : signed/unsigned mismatch
     1>e:\ubuntushare\sca\fathers_offspring\infer_maternal_contribution\infer_mat_vcf\inver_mat_vcf.cpp(233): warning C4018: '<' : signed/unsigned mismatch
     1>e:\ubuntushare\sca\fathers_offspring\infer_maternal_contribution\infer_mat_vcf\inver_mat_vcf.cpp(285): warning C4018: '<' : signed/unsigned mismatch
     1>e:\ubuntushare\sca\fathers_offspring\infer_maternal_contribution\infer_mat_vcf\inver_mat_vcf.cpp(290): warning C4018: '<' : signed/unsigned mismatch
     1>e:\ubuntushare\sca\fathers_offspring\infer_maternal_contribution\infer_mat_vcf\inver_mat_vcf.cpp(302): warning C4018: '<' : signed/unsigned mismatch
     1>e:\ubuntushare\sca\fathers_offspring\infer_maternal_contribution\infer_mat_vcf\inver_mat_vcf.cpp(306): warning C4018: '<' : signed/unsigned mismatch
     1>e:\ubuntushare\sca\fathers_offspring\infer_maternal_contribution\infer_mat_vcf\inver_mat_vcf.cpp(111): warning C4101: 'iii' : unreferenced local variable
     1>e:\ubuntushare\sca\fathers_offspring\infer_maternal_contribution\infer_mat_vcf\inver_mat_vcf.cpp(113): warning C4101: 'prog_start' : unreferenced local variable
     1>e:\ubuntushare\sca\fathers_offspring\infer_maternal_contribution\infer_mat_vcf\inver_mat_vcf.cpp(112): warning C4101: 'num_off' : unreferenced local variable
     1>e:\ubuntushare\sca\fathers_offspring\infer_maternal_contribution\infer_mat_vcf\inver_mat_vcf.cpp(112): warning C4101: 'num_dads' : unreferenced local variable
     1>e:\ubuntushare\sca\fathers_offspring\infer_maternal_contribution\infer_mat_vcf\inver_mat_vcf.cpp(113): warning C4101: 'prog_end' : unreferenced local variable
       Link:
         C:\Program Files (x86)\Microsoft Visual Studio 12.0\VC\bin\link.exe /ERRORREPORT:PROMPT /OUT:"E:\ubuntushare\SCA\fathers_offspring\infer_maternal_contribution\infer_mat_vcf\Debug\infer_mat_vcf.exe" /INCREMENTAL /NOLOGO kernel32.lib user32.lib gdi32.lib winspool.lib comdlg32.lib advapi32.lib shell32.lib ole32.lib oleaut32.lib uuid.lib odbc32.lib odbccp32.lib /MANIFEST /MANIFESTUAC:"level='asInvoker' uiAccess='false'" /manifest:embed /DEBUG /PDB:"E:\ubuntushare\SCA\fathers_offspring\infer_maternal_contribution\infer_mat_vcf\Debug\infer_mat_vcf.pdb" /SUBSYSTEM:CONSOLE /TLBID:1 /DYNAMICBASE /NXCOMPAT /IMPLIB:"E:\ubuntushare\SCA\fathers_offspring\infer_maternal_contribution\infer_mat_vcf\Debug\infer_mat_vcf.lib" /MACHINE:X86 Debug\inver_mat_vcf.obj
         infer_mat_vcf.vcxproj -> E:\ubuntushare\SCA\fathers_offspring\infer_maternal_contribution\infer_mat_vcf\Debug\infer_mat_vcf.exe
     1>Done Building Project "E:\ubuntushare\SCA\fathers_offspring\infer_maternal_contribution\infer_mat_vcf\infer_mat_vcf.vcxproj" (Build target(s)).

Build succeeded.

Time Elapsed 00:00:01.06
