Build started 7/20/2016 7:36:52 PM.
     1>Project "E:\ubuntushare\SCA\programs\infer_maternal_contribution\infer_mat_vcf\infer_mat_vcf.vcxproj" on node 2 (Build target(s)).
     1>ClCompile:
         C:\Program Files (x86)\Microsoft Visual Studio 12.0\VC\bin\CL.exe /c /Zi /nologo /W3 /WX- /sdl /O2 /Oi /Oy- /GL /D WIN32 /D NDEBUG /D _CONSOLE /D _LIB /D _UNICODE /D UNICODE /Gm- /EHsc /MD /GS /Gy /fp:precise /Zc:wchar_t /Zc:forScope /Fo"Release\\" /Fd"Release\vc120.pdb" /Gd /TP /analyze- /errorReport:prompt inver_mat_vcf.cpp
         inver_mat_vcf.cpp
     1>inver_mat_vcf.cpp(173): warning C4018: '<' : signed/unsigned mismatch
     1>inver_mat_vcf.cpp(191): warning C4018: '<' : signed/unsigned mismatch
     1>inver_mat_vcf.cpp(235): warning C4018: '<' : signed/unsigned mismatch
     1>inver_mat_vcf.cpp(287): warning C4018: '<' : signed/unsigned mismatch
     1>inver_mat_vcf.cpp(301): warning C4018: '<' : signed/unsigned mismatch
     1>inver_mat_vcf.cpp(317): warning C4018: '<' : signed/unsigned mismatch
     1>inver_mat_vcf.cpp(330): warning C4018: '<' : signed/unsigned mismatch
     1>inver_mat_vcf.cpp(360): warning C4018: '<' : signed/unsigned mismatch
     1>inver_mat_vcf.cpp(373): warning C4018: '<' : signed/unsigned mismatch
     1>inver_mat_vcf.cpp(113): warning C4101: 'iii' : unreferenced local variable
     1>inver_mat_vcf.cpp(115): warning C4101: 'prog_start' : unreferenced local variable
     1>inver_mat_vcf.cpp(114): warning C4101: 'num_off' : unreferenced local variable
     1>inver_mat_vcf.cpp(114): warning C4101: 'num_dads' : unreferenced local variable
     1>inver_mat_vcf.cpp(115): warning C4101: 'prog_end' : unreferenced local variable
       Link:
         C:\Program Files (x86)\Microsoft Visual Studio 12.0\VC\bin\link.exe /ERRORREPORT:PROMPT /OUT:"E:\ubuntushare\SCA\programs\infer_maternal_contribution\infer_mat_vcf\Release\infer_mat_vcf.exe" /INCREMENTAL:NO /NOLOGO kernel32.lib user32.lib gdi32.lib winspool.lib comdlg32.lib advapi32.lib shell32.lib ole32.lib oleaut32.lib uuid.lib odbc32.lib odbccp32.lib /MANIFEST /MANIFESTUAC:"level='asInvoker' uiAccess='false'" /manifest:embed /DEBUG /PDB:"E:\ubuntushare\SCA\programs\infer_maternal_contribution\infer_mat_vcf\Release\infer_mat_vcf.pdb" /SUBSYSTEM:CONSOLE /OPT:REF /OPT:ICF /LTCG /TLBID:1 /DYNAMICBASE /NXCOMPAT /IMPLIB:"E:\ubuntushare\SCA\programs\infer_maternal_contribution\infer_mat_vcf\Release\infer_mat_vcf.lib" /MACHINE:X86 /SAFESEH Release\inver_mat_vcf.obj
         Generating code
         Finished generating code
         infer_mat_vcf.vcxproj -> E:\ubuntushare\SCA\programs\infer_maternal_contribution\infer_mat_vcf\Release\infer_mat_vcf.exe
     1>Done Building Project "E:\ubuntushare\SCA\programs\infer_maternal_contribution\infer_mat_vcf\infer_mat_vcf.vcxproj" (Build target(s)).

Build succeeded.

Time Elapsed 00:00:02.62
