Build started 5/11/2016 1:49:24 PM.
     1>Project "E:\ubuntushare\SCA\programs\vcf_to_snpstats\vcf_to_snpstats.vcxproj" on node 2 (Build target(s)).
     1>ClCompile:
         C:\Program Files (x86)\Microsoft Visual Studio 12.0\VC\bin\CL.exe /c /ZI /nologo /W3 /WX- /sdl /Od /Oy- /D WIN32 /D _DEBUG /D _CONSOLE /D _LIB /D _UNICODE /D UNICODE /Gm /EHsc /RTC1 /MDd /GS /fp:precise /Zc:wchar_t /Zc:forScope /Fo"Debug\\" /Fd"Debug\vc120.pdb" /Gd /TP /analyze- /errorReport:prompt vcf_to_snpstats.cpp
         vcf_to_snpstats.cpp
     1>e:\ubuntushare\sca\programs\vcf_to_snpstats\vcf_to_snpstats.cpp(168): warning C4018: '<' : signed/unsigned mismatch
     1>e:\ubuntushare\sca\programs\vcf_to_snpstats\vcf_to_snpstats.cpp(180): warning C4018: '<' : signed/unsigned mismatch
     1>e:\ubuntushare\sca\programs\vcf_to_snpstats\vcf_to_snpstats.cpp(183): warning C4018: '<' : signed/unsigned mismatch
     1>e:\ubuntushare\sca\programs\vcf_to_snpstats\vcf_to_snpstats.cpp(202): warning C4018: '<' : signed/unsigned mismatch
     1>e:\ubuntushare\sca\programs\vcf_to_snpstats\vcf_to_snpstats.cpp(204): warning C4018: '<' : signed/unsigned mismatch
     1>e:\ubuntushare\sca\programs\vcf_to_snpstats\vcf_to_snpstats.cpp(207): warning C4018: '<' : signed/unsigned mismatch
     1>e:\ubuntushare\sca\programs\vcf_to_snpstats\vcf_to_snpstats.cpp(223): warning C4018: '<' : signed/unsigned mismatch
     1>e:\ubuntushare\sca\programs\vcf_to_snpstats\vcf_to_snpstats.cpp(226): warning C4018: '<' : signed/unsigned mismatch
     1>e:\ubuntushare\sca\programs\vcf_to_snpstats\vcf_to_snpstats.cpp(95): warning C4101: 'iii' : unreferenced local variable
       Link:
         C:\Program Files (x86)\Microsoft Visual Studio 12.0\VC\bin\link.exe /ERRORREPORT:PROMPT /OUT:"E:\ubuntushare\SCA\programs\vcf_to_snpstats\Debug\vcf_to_snpstats.exe" /INCREMENTAL /NOLOGO kernel32.lib user32.lib gdi32.lib winspool.lib comdlg32.lib advapi32.lib shell32.lib ole32.lib oleaut32.lib uuid.lib odbc32.lib odbccp32.lib /MANIFEST /MANIFESTUAC:"level='asInvoker' uiAccess='false'" /manifest:embed /DEBUG /PDB:"E:\ubuntushare\SCA\programs\vcf_to_snpstats\Debug\vcf_to_snpstats.pdb" /SUBSYSTEM:CONSOLE /TLBID:1 /DYNAMICBASE /NXCOMPAT /IMPLIB:"E:\ubuntushare\SCA\programs\vcf_to_snpstats\Debug\vcf_to_snpstats.lib" /MACHINE:X86 Debug\vcf_to_snpstats.obj
         vcf_to_snpstats.vcxproj -> E:\ubuntushare\SCA\programs\vcf_to_snpstats\Debug\vcf_to_snpstats.exe
     1>Done Building Project "E:\ubuntushare\SCA\programs\vcf_to_snpstats\vcf_to_snpstats.vcxproj" (Build target(s)).

Build succeeded.

Time Elapsed 00:00:01.19
