Build started 1/19/2016 4:31:09 PM.
     1>Project "E:\ubuntushare\SCA\gatk\convert_vcf_for_sca\convert_vcf_for_sca.vcxproj" on node 2 (Build target(s)).
     1>ClCompile:
         C:\Program Files (x86)\Microsoft Visual Studio 12.0\VC\bin\CL.exe /c /Zi /nologo /W3 /WX- /sdl /O2 /Oi /Oy- /GL /D WIN32 /D NDEBUG /D _CONSOLE /D _LIB /D _UNICODE /D UNICODE /Gm- /EHsc /MD /GS /Gy /fp:precise /Zc:wchar_t /Zc:forScope /Fo"Release\\" /Fd"Release\vc120.pdb" /Gd /TP /analyze- /errorReport:prompt convert_vcf_for_sca.cpp
         convert_vcf_for_sca.cpp
     1>convert_vcf_for_sca.cpp(126): warning C4018: '<' : signed/unsigned mismatch
     1>convert_vcf_for_sca.cpp(129): warning C4018: '<' : signed/unsigned mismatch
     1>convert_vcf_for_sca.cpp(145): warning C4018: '<' : signed/unsigned mismatch
     1>convert_vcf_for_sca.cpp(151): warning C4018: '<' : signed/unsigned mismatch
     1>convert_vcf_for_sca.cpp(198): warning C4018: '<' : signed/unsigned mismatch
     1>convert_vcf_for_sca.cpp(70): warning C4101: 'prog_start' : unreferenced local variable
     1>convert_vcf_for_sca.cpp(70): warning C4101: 'prog_end' : unreferenced local variable
       Link:
         C:\Program Files (x86)\Microsoft Visual Studio 12.0\VC\bin\link.exe /ERRORREPORT:PROMPT /OUT:"E:\ubuntushare\SCA\gatk\convert_vcf_for_sca\Release\convert_vcf_for_sca.exe" /INCREMENTAL:NO /NOLOGO kernel32.lib user32.lib gdi32.lib winspool.lib comdlg32.lib advapi32.lib shell32.lib ole32.lib oleaut32.lib uuid.lib odbc32.lib odbccp32.lib /MANIFEST /MANIFESTUAC:"level='asInvoker' uiAccess='false'" /manifest:embed /DEBUG /PDB:"E:\ubuntushare\SCA\gatk\convert_vcf_for_sca\Release\convert_vcf_for_sca.pdb" /SUBSYSTEM:CONSOLE /OPT:REF /OPT:ICF /LTCG /TLBID:1 /DYNAMICBASE /NXCOMPAT /IMPLIB:"E:\ubuntushare\SCA\gatk\convert_vcf_for_sca\Release\convert_vcf_for_sca.lib" /MACHINE:X86 /SAFESEH Release\convert_vcf_for_sca.obj
         Generating code
         Finished generating code
         convert_vcf_for_sca.vcxproj -> E:\ubuntushare\SCA\gatk\convert_vcf_for_sca\Release\convert_vcf_for_sca.exe
     1>Done Building Project "E:\ubuntushare\SCA\gatk\convert_vcf_for_sca\convert_vcf_for_sca.vcxproj" (Build target(s)).

Build succeeded.

Time Elapsed 00:00:01.38
