Build started 6/3/2016 3:55:17 PM.
     1>Project "E:\ubuntushare\SCA\programs\band_sharing\band_sharing.vcxproj" on node 2 (Build target(s)).
     1>ClCompile:
         C:\Program Files (x86)\Microsoft Visual Studio 12.0\VC\bin\CL.exe /c /Zi /nologo /W3 /WX- /sdl /O2 /Oi /Oy- /GL /D WIN32 /D NDEBUG /D _CONSOLE /D _LIB /D _UNICODE /D UNICODE /Gm- /EHsc /MD /GS /Gy /fp:precise /Zc:wchar_t /Zc:forScope /Fo"Release\\" /Fd"Release\vc120.pdb" /Gd /TP /analyze- /errorReport:prompt band_sharing.cpp
         band_sharing.cpp
     1>band_sharing.cpp(107): warning C4101: 'iv' : unreferenced local variable
     1>band_sharing.cpp(197): warning C4018: '<' : signed/unsigned mismatch
     1>band_sharing.cpp(246): warning C4018: '<' : signed/unsigned mismatch
     1>band_sharing.cpp(280): warning C4018: '<' : signed/unsigned mismatch
     1>band_sharing.cpp(298): warning C4018: '<' : signed/unsigned mismatch
     1>band_sharing.cpp(312): warning C4018: '<' : signed/unsigned mismatch
     1>band_sharing.cpp(135): warning C4101: 'iii' : unreferenced local variable
       Link:
         C:\Program Files (x86)\Microsoft Visual Studio 12.0\VC\bin\link.exe /ERRORREPORT:PROMPT /OUT:"E:\ubuntushare\SCA\programs\band_sharing\Release\band_sharing.exe" /INCREMENTAL:NO /NOLOGO kernel32.lib user32.lib gdi32.lib winspool.lib comdlg32.lib advapi32.lib shell32.lib ole32.lib oleaut32.lib uuid.lib odbc32.lib odbccp32.lib /MANIFEST /MANIFESTUAC:"level='asInvoker' uiAccess='false'" /manifest:embed /DEBUG /PDB:"E:\ubuntushare\SCA\programs\band_sharing\Release\band_sharing.pdb" /SUBSYSTEM:CONSOLE /OPT:REF /OPT:ICF /LTCG /TLBID:1 /DYNAMICBASE /NXCOMPAT /IMPLIB:"E:\ubuntushare\SCA\programs\band_sharing\Release\band_sharing.lib" /MACHINE:X86 /SAFESEH Release\band_sharing.obj
         Generating code
         Finished generating code
         band_sharing.vcxproj -> E:\ubuntushare\SCA\programs\band_sharing\Release\band_sharing.exe
     1>Done Building Project "E:\ubuntushare\SCA\programs\band_sharing\band_sharing.vcxproj" (Build target(s)).

Build succeeded.

Time Elapsed 00:00:01.58
