Build started 2/7/2016 3:28:10 PM.
     1>Project "E:\ubuntushare\SCA\programs\gwsca_biallelic\gwsca_biallelic.vcxproj" on node 2 (Build target(s)).
     1>ClCompile:
         C:\Program Files (x86)\Microsoft Visual Studio 12.0\VC\bin\CL.exe /c /Zi /nologo /W3 /WX- /sdl /O2 /Oi /Oy- /GL /D WIN32 /D NDEBUG /D _CONSOLE /D _LIB /D _UNICODE /D UNICODE /Gm- /EHsc /MD /GS /Gy /fp:precise /Zc:wchar_t /Zc:forScope /Fo"Release\\" /Fd"Release\vc120.pdb" /Gd /TP /analyze- /errorReport:prompt gwsca_biallelic.cpp
         gwsca_biallelic.cpp
     1>gwsca_biallelic.cpp(346): warning C4018: '<' : signed/unsigned mismatch
     1>gwsca_biallelic.cpp(352): warning C4018: '<' : signed/unsigned mismatch
     1>gwsca_biallelic.cpp(392): warning C4018: '<' : signed/unsigned mismatch
     1>gwsca_biallelic.cpp(453): warning C4018: '<' : signed/unsigned mismatch
     1>gwsca_biallelic.cpp(457): warning C4018: '<' : signed/unsigned mismatch
     1>gwsca_biallelic.cpp(480): warning C4018: '<' : signed/unsigned mismatch
     1>gwsca_biallelic.cpp(532): warning C4018: '<' : signed/unsigned mismatch
     1>gwsca_biallelic.cpp(135): warning C4101: 'al1_count' : unreferenced local variable
     1>gwsca_biallelic.cpp(135): warning C4101: 'iii' : unreferenced local variable
     1>gwsca_biallelic.cpp(135): warning C4101: 'pop_index' : unreferenced local variable
     1>gwsca_biallelic.cpp(135): warning C4101: 'loc_id' : unreferenced local variable
     1>gwsca_biallelic.cpp(135): warning C4101: 'al2_count' : unreferenced local variable
       Link:
         C:\Program Files (x86)\Microsoft Visual Studio 12.0\VC\bin\link.exe /ERRORREPORT:PROMPT /OUT:"E:\ubuntushare\SCA\programs\gwsca_biallelic\Release\gwsca_biallelic.exe" /INCREMENTAL:NO /NOLOGO kernel32.lib user32.lib gdi32.lib winspool.lib comdlg32.lib advapi32.lib shell32.lib ole32.lib oleaut32.lib uuid.lib odbc32.lib odbccp32.lib /MANIFEST /MANIFESTUAC:"level='asInvoker' uiAccess='false'" /manifest:embed /DEBUG /PDB:"E:\ubuntushare\SCA\programs\gwsca_biallelic\Release\gwsca_biallelic.pdb" /SUBSYSTEM:CONSOLE /OPT:REF /OPT:ICF /LTCG /TLBID:1 /DYNAMICBASE /NXCOMPAT /IMPLIB:"E:\ubuntushare\SCA\programs\gwsca_biallelic\Release\gwsca_biallelic.lib" /MACHINE:X86 /SAFESEH Release\gwsca_biallelic.obj
         Generating code
         Finished generating code
         gwsca_biallelic.vcxproj -> E:\ubuntushare\SCA\programs\gwsca_biallelic\Release\gwsca_biallelic.exe
     1>Done Building Project "E:\ubuntushare\SCA\programs\gwsca_biallelic\gwsca_biallelic.vcxproj" (Build target(s)).

Build succeeded.

Time Elapsed 00:00:02.71
